<?xml version="1.0" encoding="UTF-8"?>
<coverage generated="1724880842577" clover="3.2.0">
  <project timestamp="1724880842577" name="All files">
    <metrics statements="6" coveredstatements="4" conditionals="4" coveredconditionals="0" methods="2" coveredmethods="0" elements="12" coveredelements="4" complexity="0" loc="6" ncloc="6" packages="1" files="1" classes="1"/>
    <file name="index.tsx" path="/home/user/Área de Trabalho/Projects/caju-test-front/src/components/Buttons/index.tsx">
      <metrics statements="6" coveredstatements="4" conditionals="4" coveredconditionals="0" methods="2" coveredmethods="0"/>
      <line num="1" count="1" type="stmt"/>
      <line num="3" count="1" type="stmt"/>
      <line num="19" count="1" type="stmt"/>
      <line num="28" count="0" type="cond" truecount="0" falsecount="2"/>
      <line num="29" count="0" type="cond" truecount="0" falsecount="2"/>
      <line num="33" count="1" type="stmt"/>
    </file>
  </project>
</coverage>
