{"/home/user/Área de Trabalho/Projects/caju-test-front/src/components/Buttons/index.tsx": {"path":"/home/user/Área de Trabalho/Projects/caju-test-front/src/components/Buttons/index.tsx","statementMap":{"0":{"start":{"line":1,"column":0},"end":{"line":1,"column":39}},"1":{"start":{"line":3,"column":15},"end":{"line":17,"column":2}},"2":{"start":{"line":19,"column":13},"end":{"line":31,"column":2}},"3":{"start":{"line":28,"column":33},"end":{"line":28,"column":56}},"4":{"start":{"line":29,"column":22},"end":{"line":29,"column":43}},"5":{"start":{"line":33,"column":0},"end":{"line":33,"column":22}}},"fnMap":{"0":{"name":"(anonymous_0)","decl":{"start":{"line":28,"column":22},"end":{"line":28,"column":23}},"loc":{"start":{"line":28,"column":33},"end":{"line":28,"column":56}}},"1":{"name":"(anonymous_1)","decl":{"start":{"line":29,"column":11},"end":{"line":29,"column":12}},"loc":{"start":{"line":29,"column":22},"end":{"line":29,"column":43}}}},"branchMap":{"0":{"loc":{"start":{"line":28,"column":33},"end":{"line":28,"column":56}},"type":"binary-expr","locations":[{"start":{"line":28,"column":33},"end":{"line":28,"column":46}},{"start":{"line":28,"column":50},"end":{"line":28,"column":56}}]},"1":{"loc":{"start":{"line":29,"column":22},"end":{"line":29,"column":43}},"type":"binary-expr","locations":[{"start":{"line":29,"column":22},"end":{"line":29,"column":33}},{"start":{"line":29,"column":37},"end":{"line":29,"column":43}}]}},"s":{"0":1,"1":1,"2":1,"3":0,"4":0,"5":1},"f":{"0":0,"1":0},"b":{"0":[0,0],"1":[0,0]}}
}
